<?xml version="1.0" encoding="UTF-8"?>
<!-- Generated by org.testng.reporters.JUnitReportReporter -->
<testsuite hostname="CN00203209" name="testng.mytest.AnnotationsA" tests="2" failures="0" timestamp="29 Aug 2016 07:19:05 GMT" time="0.011" errors="0">
  <testcase name="testA" time="0.010" classname="testng.mytest.AnnotationsA"/>
  <testcase name="testB" time="0.001" classname="testng.mytest.AnnotationsA"/>
</testsuite> <!-- testng.mytest.AnnotationsA -->
