<?xml version="1.0" encoding="UTF-8"?>
<!-- Generated by org.testng.reporters.JUnitReportReporter -->
<testsuite hostname="CN00203209" name="testng.include.MyInclude" tests="1" failures="0" timestamp="12 Aug 2016 08:42:57 GMT" time="0.070" errors="0">
  <testcase name="testInclude" time="0.070" classname="testng.include.MyInclude"/>
</testsuite> <!-- testng.include.MyInclude -->
