<?xml version="1.0" encoding="UTF-8"?>
<!-- Generated by org.testng.reporters.JUnitReportReporter -->
<testsuite hostname="CN00203209" name="testng.dataprovider.TestBean" tests="1" failures="0" timestamp="9 Sep 2016 07:27:06 GMT" time="0.060" errors="0">
  <testcase name="testMethod" time="0.060" classname="testng.dataprovider.TestBean"/>
</testsuite> <!-- testng.dataprovider.TestBean -->
