<?xml version="1.0" encoding="UTF-8"?>
<!-- Generated by org.testng.reporters.JUnitReportReporter -->
<testsuite hostname="CN00203209" name="testng.dataprovider.ParamTestWithDataProvider1" tests="5" failures="0" timestamp="30 Aug 2016 02:40:49 GMT" time="0.090" errors="0">
  <testcase name="testPrimeNumberChecker" time="0.010" classname="testng.dataprovider.ParamTestWithDataProvider1"/>
  <testcase name="testPrimeNumberChecker" time="0.010" classname="testng.dataprovider.ParamTestWithDataProvider1"/>
  <testcase name="testPrimeNumberChecker" time="0.000" classname="testng.dataprovider.ParamTestWithDataProvider1"/>
  <testcase name="testPrimeNumberChecker" time="0.070" classname="testng.dataprovider.ParamTestWithDataProvider1"/>
  <testcase name="testPrimeNumberChecker" time="0.000" classname="testng.dataprovider.ParamTestWithDataProvider1"/>
</testsuite> <!-- testng.dataprovider.ParamTestWithDataProvider1 -->
