<?xml version="1.0" encoding="UTF-8"?>
<!-- Generated by org.testng.reporters.JUnitReportReporter -->
<testsuite hostname="CN00203209" name="testng.groups.MyTest" tests="2" failures="0" timestamp="12 Aug 2016 07:31:22 GMT" time="0.082" errors="0">
  <testcase name="testProperty" time="0.082" classname="testng.groups.MyTest"/>
  <testcase name="testGroup1A" time="0.000" classname="testng.groups.MyTest"/>
</testsuite> <!-- testng.groups.MyTest -->
