<?xml version="1.0" encoding="UTF-8"?>
<!-- Generated by org.testng.reporters.JUnitReportReporter -->
<testsuite hostname="CN00203209" name="testng.mytest.Annotations" tests="2" failures="0" timestamp="29 Aug 2016 07:18:41 GMT" time="0.011" errors="0">
  <testcase name="testA" time="0.008" classname="testng.mytest.Annotations"/>
  <testcase name="testB" time="0.003" classname="testng.mytest.Annotations"/>
</testsuite> <!-- testng.mytest.Annotations -->
