<?xml version="1.0" encoding="UTF-8"?>
<!-- Generated by org.testng.reporters.JUnitReportReporter -->
<testsuite hostname="CN00203209" name="testng.groups.MyTest" tests="1" failures="0" timestamp="12 Aug 2016 02:19:15 GMT" time="0.010" errors="0">
  <testcase name="testGroup1A" time="0.010" classname="testng.groups.MyTest"/>
</testsuite> <!-- testng.groups.MyTest -->
