<?xml version="1.0" encoding="UTF-8"?>
<!-- Generated by org.testng.reporters.JUnitReportReporter -->
<testsuite hostname="CN00203209" name="testng.groups.MyTest" tests="2" failures="0" timestamp="26 Aug 2016 03:24:02 GMT" time="0.075" errors="0">
  <testcase name="testProperty" time="0.074" classname="testng.groups.MyTest"/>
  <testcase name="testGroup1A" time="0.001" classname="testng.groups.MyTest"/>
</testsuite> <!-- testng.groups.MyTest -->
