<?xml version="1.0" encoding="UTF-8"?>
<!-- Generated by org.testng.reporters.JUnitReportReporter -->
<testsuite hostname="CN00203209" name="myLog4j.MyConversionPatternTestModule" tests="1" failures="0" timestamp="14 Sep 2016 08:02:50 GMT" time="0.030" errors="0">
  <testcase name="testModule" time="0.030" classname="myLog4j.MyConversionPatternTestModule"/>
</testsuite> <!-- myLog4j.MyConversionPatternTestModule -->
