<?xml version="1.0" encoding="UTF-8"?>
<!-- Generated by org.testng.reporters.JUnitReportReporter -->
<testsuite hostname="CN00203209" name="testng.groups.MyTestB" tests="2" failures="0" timestamp="12 Aug 2016 07:31:22 GMT" time="0.001" errors="0">
  <testcase name="testB2" time="0.001" classname="testng.groups.MyTestB"/>
  <testcase name="testB1" time="0.000" classname="testng.groups.MyTestB"/>
</testsuite> <!-- testng.groups.MyTestB -->
