<?xml version="1.0" encoding="UTF-8"?>
<!-- Generated by org.testng.reporters.JUnitReportReporter -->
<testsuite hostname="CN00203209" name="mje.MjeTest" tests="2" failures="1" timestamp="20 Sep 2016 04:31:34 GMT" time="161.181" errors="1">
  <testcase name="testHelpers" time="160.309" classname="mje.MjeTest">
    <error type="com.ericsson.commonlibrary.resourcemanager.exception.ResourceManagerConnectionException" message="Failed to connect to COM provider">
      <![CDATA[com.ericsson.commonlibrary.resourcemanager.exception.ResourceManagerConnectionException: Failed to connect to COM provider
	at com.ericsson.commonlibrary.resourcemanager.g2.G2RbsImpl.getManagedObjectHandler(G2RbsImpl.java:253)
	at com.ericsson.msran.helpers.time.NodeTimeHelper.getG2NodeTime(NodeTimeHelper.java:70)
	at com.ericsson.msran.helpers.time.NodeTimeHelper.getNodeTime(NodeTimeHelper.java:50)
	at mje.MjeTest.testHelpers(MjeTest.java:28)
	at sun.reflect.NativeMethodAccessorImpl.invoke0(Native Method)
	at sun.reflect.NativeMethodAccessorImpl.invoke(NativeMethodAccessorImpl.java:57)
	at sun.reflect.DelegatingMethodAccessorImpl.invoke(DelegatingMethodAccessorImpl.java:43)
	at java.lang.reflect.Method.invoke(Method.java:606)
	at org.testng.internal.MethodInvocationHelper.invokeMethod(MethodInvocationHelper.java:86)
	at org.testng.internal.Invoker.invokeMethod(Invoker.java:643)
	at org.testng.internal.Invoker.invokeTestMethod(Invoker.java:820)
	at org.testng.internal.Invoker.invokeTestMethods(Invoker.java:1128)
	at org.testng.internal.TestMethodWorker.invokeTestMethods(TestMethodWorker.java:129)
	at org.testng.internal.TestMethodWorker.run(TestMethodWorker.java:112)
	at org.testng.TestRunner.privateRun(TestRunner.java:782)
	at org.testng.TestRunner.run(TestRunner.java:632)
	at org.testng.SuiteRunner.runTest(SuiteRunner.java:366)
	at org.testng.SuiteRunner.runSequentially(SuiteRunner.java:361)
	at org.testng.SuiteRunner.privateRun(SuiteRunner.java:319)
	at org.testng.SuiteRunner.run(SuiteRunner.java:268)
	at org.testng.SuiteRunnerWorker.runSuite(SuiteRunnerWorker.java:52)
	at org.testng.SuiteRunnerWorker.run(SuiteRunnerWorker.java:86)
	at org.testng.TestNG.runSuitesSequentially(TestNG.java:1244)
	at org.testng.TestNG.runSuitesLocally(TestNG.java:1169)
	at org.testng.TestNG.run(TestNG.java:1064)
	at org.testng.remote.RemoteTestNG.run(RemoteTestNG.java:113)
	at org.testng.remote.RemoteTestNG.initAndRun(RemoteTestNG.java:206)
	at org.testng.remote.RemoteTestNG.main(RemoteTestNG.java:177)
Caused by: com.ericsson.commonlibrary.managedobjects.exception.ConnectionException: Something has gone wrong during connect
	at com.ericsson.commonlibrary.ecimcom.netconf.AutoCommitConnectNetconfClient.connect(AutoCommitConnectNetconfClient.java:231)
	at com.ericsson.commonlibrary.resourcemanager.g2.G2RbsImpl.getManagedObjectHandler(G2RbsImpl.java:251)
	... 27 more
Caused by: com.ericsson.commonlibrary.managedobjects.exception.OperationFailedException: Failed to open netconf connection
	at com.ericsson.commonlibrary.ecimcom.netconf.NetconfTask.internalCall(NetconfTask.java:25)
	at com.ericsson.commonlibrary.ecimcom.utils.MDCCallable.call(MDCCallable.java:26)
	at java.util.concurrent.FutureTask.run(FutureTask.java:262)
	at java.util.concurrent.ThreadPoolExecutor.runWorker(ThreadPoolExecutor.java:1145)
	at java.util.concurrent.ThreadPoolExecutor$Worker.run(ThreadPoolExecutor.java:615)
	at java.lang.Thread.run(Thread.java:745)
	at com.ericsson.commonlibrary.ecimcom.netconf.NetconfClient.execute(NetconfClient.java:1937)
	at com.ericsson.commonlibrary.ecimcom.netconf.NetconfClient.execute(NetconfClient.java:1912)
	at com.ericsson.commonlibrary.ecimcom.netconf.NetconfClient.connect(NetconfClient.java:520)
	at com.ericsson.commonlibrary.ecimcom.netconf.AutoCommitConnectNetconfClient.connect(AutoCommitConnectNetconfClient.java:228)
	... 28 more
Caused by: se.ericsson.jcat.msrbs.library.netconf.impl.NetconfException: com.ericsson.commonlibrary.netconf.exceptions.SessionException: Failed to connect to the NETCONF server

NetconfProperties
======================================
Connection info
--------------------------------------
Host     : 10.163.156.12
Port     : 2022
Username : muser
Password : muser
--------------------------------------
NetConf info
--------------------------------------
Base xmlns   : urn:ietf:params:netconf:base:1.0
Action xmlns : urn:com:ericsson:ecim:1.0
======================================

	at se.ericsson.jcat.msrbs.library.netconf.impl.NetconfJcatWrapper.connect(NetconfJcatWrapper.java:77)
	at com.ericsson.commonlibrary.ecimcom.netconf.NetconfClient$1.execute(NetconfClient.java:503)
	at com.ericsson.commonlibrary.ecimcom.netconf.NetconfClient$1.execute(NetconfClient.java:499)
	at com.ericsson.commonlibrary.ecimcom.netconf.NetconfTask.internalCall(NetconfTask.java:21)
	at com.ericsson.commonlibrary.ecimcom.utils.MDCCallable.call(MDCCallable.java:26)
	at java.util.concurrent.FutureTask.run(FutureTask.java:262)
	at java.util.concurrent.ThreadPoolExecutor.runWorker(ThreadPoolExecutor.java:1145)
	at java.util.concurrent.ThreadPoolExecutor$Worker.run(ThreadPoolExecutor.java:615)
	at java.lang.Thread.run(Thread.java:745)
Caused by: com.ericsson.commonlibrary.netconf.exceptions.SessionException: Failed to connect to the NETCONF server

NetconfProperties
======================================
Connection info
--------------------------------------
Host     : 10.163.156.12
Port     : 2022
Username : muser
Password : muser
--------------------------------------
NetConf info
--------------------------------------
Base xmlns   : urn:ietf:params:netconf:base:1.0
Action xmlns : urn:com:ericsson:ecim:1.0
======================================

	at com.ericsson.commonlibrary.netconf.transport.Ssh.createConnection(Ssh.java:161)
	at com.ericsson.commonlibrary.netconf.transport.Ssh.openSessionImpl(Ssh.java:129)
	at com.ericsson.commonlibrary.netconf.transport.AbstractTransport.openSession(AbstractTransport.java:71)
	at com.ericsson.commonlibrary.netconf.NetconfHandler.openSshSession(NetconfHandler.java:39)
	at se.ericsson.jcat.msrbs.library.netconf.impl.NetconfJcatWrapper.connect(NetconfJcatWrapper.java:70)
	... 8 more
Caused by: java.net.SocketTimeoutException: The connect() operation on the socket timed out.
	at com.trilead.ssh2.Connection.connect(Connection.java:736)
	at com.ericsson.commonlibrary.netconf.transport.Ssh.createConnection(Ssh.java:158)
	... 12 more
Caused by: java.net.SocketTimeoutException: connect timed out
	at java.net.DualStackPlainSocketImpl.waitForConnect(Native Method)
	at java.net.DualStackPlainSocketImpl.socketConnect(DualStackPlainSocketImpl.java:85)
	at java.net.AbstractPlainSocketImpl.doConnect(AbstractPlainSocketImpl.java:339)
	at java.net.AbstractPlainSocketImpl.connectToAddress(AbstractPlainSocketImpl.java:200)
	at java.net.AbstractPlainSocketImpl.connect(AbstractPlainSocketImpl.java:182)
	at java.net.PlainSocketImpl.connect(PlainSocketImpl.java:172)
	at java.net.SocksSocketImpl.connect(SocksSocketImpl.java:392)
	at java.net.Socket.connect(Socket.java:579)
	at com.trilead.ssh2.transport.TransportManager.establishConnection(TransportManager.java:347)
	at com.trilead.ssh2.transport.TransportManager.initialize(TransportManager.java:455)
	at com.trilead.ssh2.Connection.connect(Connection.java:732)
	... 13 more
]]>
    </error>
  </testcase> <!-- testHelpers -->
  <testcase name="testAction" time="0.872" classname="mje.MjeTest">
    <failure type="se.ericsson.jcat.fw.exception.JcatAssertionError" message="Action execution failed: Exception encountered when connecting moshell">
      <![CDATA[se.ericsson.jcat.fw.exception.JcatAssertionError: Action execution failed: Exception encountered when connecting moshell
	at se.ericsson.jcat.fw.assertion.InternalAssert.fail(InternalAssert.java:49)
	at se.ericsson.jcat.fw.assertion.JcatHardAssertion$15.doAssert(JcatHardAssertion.java:837)
	at se.ericsson.jcat.fw.assertion.JcatHardAssertion.executeAssert(JcatHardAssertion.java:45)
	at se.ericsson.jcat.fw.assertion.JcatHardAssertion.doAssert(JcatHardAssertion.java:31)
	at se.ericsson.jcat.fw.assertion.JcatHardAssertion.fail(JcatHardAssertion.java:833)
	at se.ericsson.jcat.fw.assertion.JcatHardAssertion.fail(JcatHardAssertion.java:822)
	at se.ericsson.jcat.fw.assertion.JcatAssertApi.saveFail(JcatAssertApi.java:1953)
	at com.ericsson.msran.jcat.AbstractTestBase.saveFail(AbstractTestBase.java:781)
	at com.ericsson.msran.actions.api.ActionVerdictHandler.failWithSpecifiedVerdictLevel(ActionVerdictHandler.java:55)
	at com.ericsson.msran.actions.api.ActionVerdictHandler.fail(ActionVerdictHandler.java:87)
	at com.ericsson.msran.actions.api.internal.ActionExecutor$1.call(ActionExecutor.java:100)
	at com.ericsson.msran.actions.api.internal.ActionExecutor$1.call(ActionExecutor.java:57)
	at java.util.concurrent.FutureTask.run(FutureTask.java:262)
	at java.util.concurrent.ThreadPoolExecutor.runWorker(ThreadPoolExecutor.java:1145)
	at java.util.concurrent.ThreadPoolExecutor$Worker.run(ThreadPoolExecutor.java:615)
	at java.lang.Thread.run(Thread.java:745)
Caused by: com.ericsson.commonlibrary.resourcemanager.exception.ResourceManagerException: Exception encountered when connecting moshell
	at com.ericsson.commonlibrary.resourcemanager.moshell.internal.MoshellFactory.connectMoshell(MoshellFactory.java:291)
	at com.ericsson.commonlibrary.resourcemanager.moshell.internal.MoshellFactory.<init>(MoshellFactory.java:126)
	at com.ericsson.commonlibrary.resourcemanager.moshell.internal.MoshellFactory.<init>(MoshellFactory.java:102)
	at com.ericsson.commonlibrary.resourcemanager.g2.G2RbsImpl.newMoshell(G2RbsImpl.java:364)
	at com.ericsson.commonlibrary.resourcemanager.g2.G2RbsImpl.newMoshell(G2RbsImpl.java:353)
	at com.ericsson.commonlibrary.resourcemanager.g2.G2RbsImpl.getMoshell(G2RbsImpl.java:346)
	at com.ericsson.msran.actions.cli.CliSendMoshellCommand.visitComCppNode(CliSendMoshellCommand.java:115)
	at com.ericsson.msran.actions.api.NodeActionBase$1.visitComCppNode(NodeActionBase.java:67)
	at com.ericsson.msran.actions.api.NodeActionBase$1.visitComCppNode(NodeActionBase.java:58)
	at com.ericsson.msran.actions.api.resourceadapter.G2RbsAdapter.accept(G2RbsAdapter.java:44)
	at com.ericsson.msran.actions.api.internal.ActionExecutor$1.call(ActionExecutor.java:72)
	... 5 more
Caused by: com.ericsson.commonlibrary.remotecli.exceptions.ConnectException: Failed to start program: /app/moshell/latest/moshell/moshell -v sql_random=3,http_timeout=30,export_timeout=60,mosdebug=999,ip_inactivity_timeout=45,keepalive_interval=500,set_window_title=0,export_method=0,lt_confirmation=1,corba_timeout=240,ip_connection_timeout=60,ip=10.163.156.12,ip_database=,prompt_highlight=1,prompt_color=1,ipv6=0,show_colors=0,ftp_timeout=150,username=muser,bldebset_confirmation=1,del_confirmation=1,use_complete_mom=1,pre_prompt=MOSHELL_PROMPT,inactivity_timer=60,corba_debug=0,password=muser,corba_connection_timeout=90 10.163.156.12
Implementation: ImplApplication
Version       : 1.7.0
Site          : http://common-jcat-site.rnd.ki.sw.ericsson.se/site/remote-cli/
Buffer        : ""
EscapedBuffer : ""
Host          : null
Username      : null
Password      : ********
Port          : 0
RegexPrompt   : MOSHELL_PROMPT
RegexPromptEsc: "MOSHELL_PROMPT"
MatchedPrompt : No prompt matched yet  Escaped("No prompt matched yet")
Newline       : "\r\n"
SendTimeout   : 120000ms (2 minutes, )
ConnectTimeout: 30000ms (30 seconds)
TerminalType  : null
PublicKeyPw   : false
SshPtySize    : [WidthCharacters=0, HeightCharacters=0, WidthPixels=0, HeightPixels=0]
SshSubSystem  : null

	at com.ericsson.commonlibrary.remotecli.ImplApplication.startCliProcess(ImplApplication.java:41)
	at com.ericsson.commonlibrary.remotecli.ImplLocal.connectImpl(ImplLocal.java:84)
	at com.ericsson.commonlibrary.remotecli.AbstractCli.connect(AbstractCli.java:89)
	at com.ericsson.commonlibrary.remotecli.DecoratorCore$Core.connect(DecoratorCore.java:67)
	at com.ericsson.commonlibrary.remotecli.Decorator.connect(Decorator.java:47)
	at com.ericsson.commonlibrary.remotecli.Decorator.connect(Decorator.java:47)
	at com.ericsson.commonlibrary.moshell.MoshellImpl.getCli(MoshellImpl.java:621)
	at com.ericsson.commonlibrary.moshell.MoshellImpl.connect(MoshellImpl.java:132)
	at com.ericsson.commonlibrary.resourcemanager.moshell.internal.MoshellFactory.connectMoshell(MoshellFactory.java:288)
	... 15 more
Caused by: java.io.IOException: Cannot run program "/app/moshell/latest/moshell/moshell": CreateProcess error=2, The system cannot find the file specified
	at java.lang.ProcessBuilder.start(ProcessBuilder.java:1047)
	at com.ericsson.commonlibrary.remotecli.ImplApplication.startCliProcess(ImplApplication.java:36)
	... 23 more
Caused by: java.io.IOException: CreateProcess error=2, The system cannot find the file specified
	at java.lang.ProcessImpl.create(Native Method)
	at java.lang.ProcessImpl.<init>(ProcessImpl.java:385)
	at java.lang.ProcessImpl.start(ProcessImpl.java:136)
	at java.lang.ProcessBuilder.start(ProcessBuilder.java:1028)
	... 24 more
]]>
    </failure>
  </testcase> <!-- testAction -->
</testsuite> <!-- mje.MjeTest -->
