<?xml version="1.0" encoding="UTF-8"?>
<!-- Generated by org.testng.reporters.JUnitReportReporter -->
<testsuite hostname="CN00203209" name="testng.dataprovider.MyTest" tests="2" failures="0" timestamp="25 Aug 2016 08:34:46 GMT" time="0.156" errors="0">
  <testcase name="verifyData2" time="0.078" classname="testng.dataprovider.MyTest"/>
  <testcase name="verifyData2" time="0.078" classname="testng.dataprovider.MyTest"/>
</testsuite> <!-- testng.dataprovider.MyTest -->
