<?xml version="1.0" encoding="UTF-8"?>
<!-- Generated by org.testng.reporters.JUnitReportReporter -->
<testsuite hostname="CN00203209" name="testng.mytest.AnnotationsB" tests="2" failures="0" timestamp="29 Aug 2016 07:20:00 GMT" time="0.011" errors="0">
  <testcase name="testA" time="0.009" classname="testng.mytest.AnnotationsB"/>
  <testcase name="testB" time="0.002" classname="testng.mytest.AnnotationsB"/>
</testsuite> <!-- testng.mytest.AnnotationsB -->
